<?xml version="1.0" encoding="UTF-8"?>
<!-- Generated by org.testng.reporters.JUnitXMLReporter -->
<testsuite ignored="0" hostname="LTIN703706" failures="0" tests="5" name="Invocation Demo Test" time="30.275" errors="0" timestamp="2026-07-08T12:55:39 IST">
  <testcase classname="org.example.InvocationDemo" name="foo" time="0.273"/>
  <testcase classname="org.example.InvocationDemo" name="foo" time="0.288"/>
  <testcase classname="org.example.InvocationDemo" name="foo" time="0.385"/>
  <testcase classname="org.example.InvocationDemo" name="foo" time="0.318"/>
  <testcase classname="org.example.InvocationDemo" name="foo" time="0.27"/>
</testsuite> <!-- Invocation Demo Test -->
