<?xml version="1.0" encoding="UTF-8"?>
<!-- Generated by org.testng.reporters.JUnitXMLReporter -->
<testsuite ignored="0" hostname="LTIN703706" failures="1" tests="4" name="Retry Analyzer Demo" time="34.877" errors="0" timestamp="2026-07-08T13:08:17 IST">
  <testcase classname="org.example.RetryAnalyzerDemo" name="foo" time="8.219">
    <skipped/>
  </testcase> <!-- foo -->
  <testcase classname="org.example.RetryAnalyzerDemo" name="foo" time="7.169">
    <skipped/>
  </testcase> <!-- foo -->
  <testcase classname="org.example.RetryAnalyzerDemo" name="foo" time="11.202">
    <skipped/>
  </testcase> <!-- foo -->
  <testcase classname="org.example.RetryAnalyzerDemo" name="foo" time="8.211">
    <failure type="java.lang.AssertionError" message="expected [Sauce Demo] but found [Swag Labs]">
      <![CDATA[java.lang.AssertionError: expected [Sauce Demo] but found [Swag Labs]
at org.example.RetryAnalyzerDemo.foo(RetryAnalyzerDemo.java:17)
at java.base/java.util.ArrayList.forEach(ArrayList.java:1596)
at com.intellij.rt.testng.IDEARemoteTestNG.run(IDEARemoteTestNG.java:65)
at com.intellij.rt.testng.RemoteTestNGStarter.main(RemoteTestNGStarter.java:105)
... Removed 28 stack frames]]>
    </failure>
  </testcase> <!-- foo -->
</testsuite> <!-- Retry Analyzer Demo -->
