<?xml version="1.0" encoding="UTF-8"?>
<testng-results ignored="0" total="5" passed="5" failed="0" skipped="0">
  <reporter-output>
  </reporter-output>
  <suite started-at="2026-07-08T12:55:08 IST" name="Invocation Demo" finished-at="2026-07-08T12:55:39 IST" duration-ms="30275">
    <groups>
    </groups>
    <test started-at="2026-07-08T12:55:08 IST" name="Invocation Demo Test" finished-at="2026-07-08T12:55:39 IST" duration-ms="30275">
      <class name="org.example.InvocationDemo">
        <test-method is-config="true" signature="setup()[pri:0, instance:org.example.InvocationDemo@5158b42f]" started-at="2026-07-08T12:55:09 IST" name="setup" finished-at="2026-07-08T12:55:15 IST" duration-ms="6897" status="PASS">
          <reporter-output>
          </reporter-output>
        </test-method> <!-- setup -->
        <test-method signature="foo()[pri:0, instance:org.example.InvocationDemo@5158b42f]" started-at="2026-07-08T12:55:15 IST" name="foo" finished-at="2026-07-08T12:55:16 IST" duration-ms="273" status="PASS">
          <reporter-output>
          </reporter-output>
        </test-method> <!-- foo -->
        <test-method is-config="true" signature="teardown()[pri:0, instance:org.example.InvocationDemo@5158b42f]" started-at="2026-07-08T12:55:16 IST" name="teardown" finished-at="2026-07-08T12:55:17 IST" duration-ms="1546" status="PASS">
          <reporter-output>
          </reporter-output>
        </test-method> <!-- teardown -->
        <test-method is-config="true" signature="setup()[pri:0, instance:org.example.InvocationDemo@5158b42f]" started-at="2026-07-08T12:55:17 IST" name="setup" finished-at="2026-07-08T12:55:22 IST" duration-ms="4504" status="PASS">
          <reporter-output>
          </reporter-output>
        </test-method> <!-- setup -->
        <test-method signature="foo()[pri:0, instance:org.example.InvocationDemo@5158b42f]" started-at="2026-07-08T12:55:22 IST" name="foo" finished-at="2026-07-08T12:55:22 IST" duration-ms="288" status="PASS">
          <reporter-output>
          </reporter-output>
        </test-method> <!-- foo -->
        <test-method is-config="true" signature="teardown()[pri:0, instance:org.example.InvocationDemo@5158b42f]" started-at="2026-07-08T12:55:22 IST" name="teardown" finished-at="2026-07-08T12:55:24 IST" duration-ms="1646" status="PASS">
          <reporter-output>
          </reporter-output>
        </test-method> <!-- teardown -->
        <test-method is-config="true" signature="setup()[pri:0, instance:org.example.InvocationDemo@5158b42f]" started-at="2026-07-08T12:55:24 IST" name="setup" finished-at="2026-07-08T12:55:27 IST" duration-ms="3081" status="PASS">
          <reporter-output>
          </reporter-output>
        </test-method> <!-- setup -->
        <test-method signature="foo()[pri:0, instance:org.example.InvocationDemo@5158b42f]" started-at="2026-07-08T12:55:27 IST" name="foo" finished-at="2026-07-08T12:55:27 IST" duration-ms="385" status="PASS">
          <reporter-output>
          </reporter-output>
        </test-method> <!-- foo -->
        <test-method is-config="true" signature="teardown()[pri:0, instance:org.example.InvocationDemo@5158b42f]" started-at="2026-07-08T12:55:27 IST" name="teardown" finished-at="2026-07-08T12:55:29 IST" duration-ms="1679" status="PASS">
          <reporter-output>
          </reporter-output>
        </test-method> <!-- teardown -->
        <test-method is-config="true" signature="setup()[pri:0, instance:org.example.InvocationDemo@5158b42f]" started-at="2026-07-08T12:55:29 IST" name="setup" finished-at="2026-07-08T12:55:32 IST" duration-ms="2874" status="PASS">
          <reporter-output>
          </reporter-output>
        </test-method> <!-- setup -->
        <test-method signature="foo()[pri:0, instance:org.example.InvocationDemo@5158b42f]" started-at="2026-07-08T12:55:32 IST" name="foo" finished-at="2026-07-08T12:55:32 IST" duration-ms="318" status="PASS">
          <reporter-output>
          </reporter-output>
        </test-method> <!-- foo -->
        <test-method is-config="true" signature="teardown()[pri:0, instance:org.example.InvocationDemo@5158b42f]" started-at="2026-07-08T12:55:32 IST" name="teardown" finished-at="2026-07-08T12:55:34 IST" duration-ms="1554" status="PASS">
          <reporter-output>
          </reporter-output>
        </test-method> <!-- teardown -->
        <test-method is-config="true" signature="setup()[pri:0, instance:org.example.InvocationDemo@5158b42f]" started-at="2026-07-08T12:55:34 IST" name="setup" finished-at="2026-07-08T12:55:37 IST" duration-ms="3386" status="PASS">
          <reporter-output>
          </reporter-output>
        </test-method> <!-- setup -->
        <test-method signature="foo()[pri:0, instance:org.example.InvocationDemo@5158b42f]" started-at="2026-07-08T12:55:37 IST" name="foo" finished-at="2026-07-08T12:55:37 IST" duration-ms="270" status="PASS">
          <reporter-output>
          </reporter-output>
        </test-method> <!-- foo -->
        <test-method is-config="true" signature="teardown()[pri:0, instance:org.example.InvocationDemo@5158b42f]" started-at="2026-07-08T12:55:37 IST" name="teardown" finished-at="2026-07-08T12:55:39 IST" duration-ms="1515" status="PASS">
          <reporter-output>
          </reporter-output>
        </test-method> <!-- teardown -->
      </class> <!-- org.example.InvocationDemo -->
    </test> <!-- Invocation Demo Test -->
  </suite> <!-- Invocation Demo -->
</testng-results>
