<?xml version="1.0" encoding="UTF-8"?>
<testng-results ignored="0" total="3" passed="1" failed="1" skipped="1">
  <reporter-output>
  </reporter-output>
  <suite started-at="2026-06-19T14:54:55 IST" name="All Test Suite" finished-at="2026-06-19T14:54:55 IST" duration-ms="64">
    <groups>
    </groups>
    <test started-at="2026-06-19T14:54:55 IST" name="C:/Users/2494593/Documents/cts-repos/apache_poi/hello_testng/src/test/java/org/example/OrangeHRMLoginTest1.java" finished-at="2026-06-19T14:54:55 IST" duration-ms="64">
      <class name="org.example.DependencyMethods">
        <test-method signature="openApp()[pri:0, instance:org.example.DependencyMethods@dd8ba08]" started-at="2026-06-19T14:54:55 IST" name="openApp" finished-at="2026-06-19T14:54:55 IST" duration-ms="7" status="PASS">
          <reporter-output>
          </reporter-output>
        </test-method> <!-- openApp -->
        <test-method signature="login()[pri:1, instance:org.example.DependencyMethods@dd8ba08]" started-at="2026-06-19T14:54:55 IST" name="login" finished-at="2026-06-19T14:54:55 IST" depends-on-methods="org.example.DependencyMethods.openApp" duration-ms="0" status="FAIL">
          <exception class="junit.framework.AssertionFailedError">
            <full-stacktrace>
              <![CDATA[junit.framework.AssertionFailedError
at junit.framework.Assert.fail(Assert.java:47)
at junit.framework.Assert.assertTrue(Assert.java:20)
at junit.framework.Assert.assertTrue(Assert.java:27)
at org.example.DependencyMethods.login(DependencyMethods.java:16)
at java.base/jdk.internal.reflect.DirectMethodHandleAccessor.invoke(DirectMethodHandleAccessor.java:103)
at java.base/java.lang.reflect.Method.invoke(Method.java:580)
at org.testng.internal.invokers.MethodInvocationHelper.invokeMethod(MethodInvocationHelper.java:141)
at org.testng.internal.invokers.TestInvoker.invokeMethod(TestInvoker.java:697)
at org.testng.internal.invokers.TestInvoker.invokeTestMethod(TestInvoker.java:230)
at org.testng.internal.invokers.MethodRunner.runInSequence(MethodRunner.java:63)
at org.testng.internal.invokers.TestInvoker$MethodInvocationAgent.invoke(TestInvoker.java:1005)
at org.testng.internal.invokers.TestInvoker.invokeTestMethods(TestInvoker.java:203)
at org.testng.internal.invokers.TestMethodWorker.invokeTestMethods(TestMethodWorker.java:154)
at org.testng.internal.invokers.TestMethodWorker.run(TestMethodWorker.java:134)
at java.base/java.util.ArrayList.forEach(ArrayList.java:1596)
at org.testng.TestRunner.privateRun(TestRunner.java:744)
at org.testng.TestRunner.run(TestRunner.java:616)
at org.testng.SuiteRunner.runTest(SuiteRunner.java:421)
at org.testng.SuiteRunner.runSequentially(SuiteRunner.java:413)
at org.testng.SuiteRunner.privateRun(SuiteRunner.java:373)
at org.testng.SuiteRunner.run(SuiteRunner.java:312)
at org.testng.SuiteRunnerWorker.runSuite(SuiteRunnerWorker.java:52)
at org.testng.SuiteRunnerWorker.run(SuiteRunnerWorker.java:95)
at org.testng.TestNG.runSuitesSequentially(TestNG.java:1274)
at org.testng.TestNG.runSuitesLocally(TestNG.java:1208)
at org.testng.TestNG.runSuites(TestNG.java:1112)
at org.testng.TestNG.run(TestNG.java:1079)
at com.intellij.rt.testng.IDEARemoteTestNG.run(IDEARemoteTestNG.java:65)
at com.intellij.rt.testng.RemoteTestNGStarter.main(RemoteTestNGStarter.java:105)
]]>
            </full-stacktrace>
          </exception> <!-- junit.framework.AssertionFailedError -->
          <reporter-output>
          </reporter-output>
        </test-method> <!-- login -->
        <test-method signature="search()[pri:3, instance:org.example.DependencyMethods@dd8ba08]" started-at="2026-06-19T14:54:55 IST" name="search" finished-at="2026-06-19T14:54:55 IST" depends-on-methods="org.example.DependencyMethods.openApp, org.example.DependencyMethods.login" duration-ms="0" status="SKIP">
          <exception class="java.lang.Throwable">
            <message>
              <![CDATA[Method org.example.DependencyMethods.search() on instance org.example.DependencyMethods@dd8ba08 depends on not successfully finished methods 
[org.example.DependencyMethods.openApp() on instance org.example.DependencyMethods@dd8ba08
org.example.DependencyMethods.login() on instance org.example.DependencyMethods@dd8ba08]]]>
            </message>
            <full-stacktrace>
              <![CDATA[java.lang.Throwable: Method org.example.DependencyMethods.search() on instance org.example.DependencyMethods@dd8ba08 depends on not successfully finished methods 
[org.example.DependencyMethods.openApp() on instance org.example.DependencyMethods@dd8ba08
org.example.DependencyMethods.login() on instance org.example.DependencyMethods@dd8ba08]
at org.testng.internal.invokers.TestInvoker.invokeTestMethods(TestInvoker.java:159)
at org.testng.internal.invokers.TestMethodWorker.invokeTestMethods(TestMethodWorker.java:154)
at org.testng.internal.invokers.TestMethodWorker.run(TestMethodWorker.java:134)
at java.base/java.util.ArrayList.forEach(ArrayList.java:1596)
at org.testng.TestRunner.privateRun(TestRunner.java:744)
at org.testng.TestRunner.run(TestRunner.java:616)
at org.testng.SuiteRunner.runTest(SuiteRunner.java:421)
at org.testng.SuiteRunner.runSequentially(SuiteRunner.java:413)
at org.testng.SuiteRunner.privateRun(SuiteRunner.java:373)
at org.testng.SuiteRunner.run(SuiteRunner.java:312)
at org.testng.SuiteRunnerWorker.runSuite(SuiteRunnerWorker.java:52)
at org.testng.SuiteRunnerWorker.run(SuiteRunnerWorker.java:95)
at org.testng.TestNG.runSuitesSequentially(TestNG.java:1274)
at org.testng.TestNG.runSuitesLocally(TestNG.java:1208)
at org.testng.TestNG.runSuites(TestNG.java:1112)
at org.testng.TestNG.run(TestNG.java:1079)
at com.intellij.rt.testng.IDEARemoteTestNG.run(IDEARemoteTestNG.java:65)
at com.intellij.rt.testng.RemoteTestNGStarter.main(RemoteTestNGStarter.java:105)
]]>
            </full-stacktrace>
          </exception> <!-- java.lang.Throwable -->
          <reporter-output>
          </reporter-output>
        </test-method> <!-- search -->
      </class> <!-- org.example.DependencyMethods -->
    </test> <!-- C:/Users/2494593/Documents/cts-repos/apache_poi/hello_testng/src/test/java/org/example/OrangeHRMLoginTest1.java -->
  </suite> <!-- All Test Suite -->
</testng-results>
