<?xml version="1.0" encoding="UTF-8"?>
<!-- Generated by org.testng.reporters.JUnitReportReporter -->
<testsuite hostname="LTIN703706" failures="0" tests="5" name="org.example.InvocationDemo" time="30.216" errors="0" timestamp="2026-07-08T12:55:39 IST" skipped="0">
  <testcase classname="org.example.InvocationDemo" name="foo" time="4.905"/>
  <testcase classname="org.example.InvocationDemo" name="foo" time="4.866"/>
  <testcase classname="org.example.InvocationDemo" name="foo" time="8.849"/>
  <testcase classname="org.example.InvocationDemo" name="foo" time="6.346"/>
  <testcase classname="org.example.InvocationDemo" name="foo" time="5.250"/>
</testsuite> <!-- org.example.InvocationDemo -->
